Using pre-set license
Built from '2022.1/staging' branch; Version is '2022.1.13f1 (22856944e6d2) revision 2262377'; Using compiler version '192829333'; Build Type 'Release'
OS: 'Windows 10  (10.0.19045) 64bit Professional' Language: 'en' Physical Memory: 16072 MB
BatchMode: 1, IsHumanControllingUs: 0, StartBugReporterOnCrash: 0, Is64bit: 1, IsPro: 1

COMMAND LINE ARGUMENTS:
C:\Program Files\Unity 2022.1.13f1\Editor\Unity.exe
-adb2
-batchMode
-noUpm
-name
AssetImportWorker1
-projectPath
E:/52100812/Assets/My project
-logFile
Logs/AssetImportWorker1.log
-srvPort
51706
Successfully changed project path to: E:/52100812/Assets/My project
E:/52100812/Assets/My project
[UnityMemory] Configuration Parameters - Can be set up in boot.config
    "memorysetup-bucket-allocator-granularity=16"
    "memorysetup-bucket-allocator-bucket-count=8"
    "memorysetup-bucket-allocator-block-size=33554432"
    "memorysetup-bucket-allocator-block-count=8"
    "memorysetup-main-allocator-block-size=16777216"
    "memorysetup-thread-allocator-block-size=16777216"
    "memorysetup-gfx-main-allocator-block-size=16777216"
    "memorysetup-gfx-thread-allocator-block-size=16777216"
    "memorysetup-cache-allocator-block-size=4194304"
    "memorysetup-typetree-allocator-block-size=2097152"
    "memorysetup-profiler-bucket-allocator-granularity=16"
    "memorysetup-profiler-bucket-allocator-bucket-count=8"
    "memorysetup-profiler-bucket-allocator-block-size=33554432"
    "memorysetup-profiler-bucket-allocator-block-count=8"
    "memorysetup-profiler-allocator-block-size=16777216"
    "memorysetup-profiler-editor-allocator-block-size=1048576"
    "memorysetup-temp-allocator-size-main=16777216"
    "memorysetup-job-temp-allocator-block-size=2097152"
    "memorysetup-job-temp-allocator-block-size-background=1048576"
    "memorysetup-job-temp-allocator-reduction-small-platforms=262144"
    "memorysetup-temp-allocator-size-background-worker=32768"
    "memorysetup-temp-allocator-size-job-worker=262144"
    "memorysetup-temp-allocator-size-preload-manager=33554432"
    "memorysetup-temp-allocator-size-nav-mesh-worker=65536"
    "memorysetup-temp-allocator-size-audio-worker=65536"
    "memorysetup-temp-allocator-size-cloud-worker=32768"
    "memorysetup-temp-allocator-size-gi-baking-worker=262144"
    "memorysetup-temp-allocator-size-gfx=262144"
Refreshing native plugins compatible for Editor in 86.14 ms, found 3 plugins.
Preloading 0 native plugins for Editor in 0.00 ms.
Initialize engine version: 2022.1.13f1 (22856944e6d2)
[Subsystems] Discovering subsystems at path C:/Program Files/Unity 2022.1.13f1/Editor/Data/Resources/UnitySubsystems
[Subsystems] Discovering subsystems at path E:/52100812/Assets/My project/Assets
GfxDevice: creating device client; threaded=0; jobified=0
Direct3D:
    Version:  Direct3D 11.0 [level 11.1]
    Renderer: Intel(R) UHD Graphics 770 (ID=0x4680)
    Vendor:   Intel
    VRAM:     8036 MB
    Driver:   30.0.101.2079
Initialize mono
Mono path[0] = 'C:/Program Files/Unity 2022.1.13f1/Editor/Data/Managed'
Mono path[1] = 'C:/Program Files/Unity 2022.1.13f1/Editor/Data/MonoBleedingEdge/lib/mono/unityjit-win32'
Mono config path = 'C:/Program Files/Unity 2022.1.13f1/Editor/Data/MonoBleedingEdge/etc'
Using monoOptions --debugger-agent=transport=dt_socket,embedding=1,server=y,suspend=n,address=127.0.0.1:56520
Begin MonoManager ReloadAssembly
Registering precompiled unity dll's ...
Register platform support module: C:/Program Files/Unity 2022.1.13f1/Editor/Data/PlaybackEngines/WindowsStandaloneSupport/UnityEditor.WindowsStandalone.Extensions.dll
Registered in 0.003025 seconds.
Native extension for WindowsStandalone target not found
Refreshing native plugins compatible for Editor in 81.02 ms, found 3 plugins.
Preloading 0 native plugins for Editor in 0.00 ms.
Mono: successfully reloaded assembly
- Completed reload, in  0.788 seconds
Domain Reload Profiling:
	ReloadAssembly (789ms)
		BeginReloadAssembly (97ms)
			ExecutionOrderSort (0ms)
			DisableScriptedObjects (0ms)
			BackupInstance (0ms)
			ReleaseScriptingObjects (0ms)
			CreateAndSetChildDomain (1ms)
		EndReloadAssembly (570ms)
			LoadAssemblies (96ms)
			RebuildTransferFunctionScriptingTraits (0ms)
			SetupTypeCache (136ms)
				TypeCache.Initialize (135ms)
					TypeCache.ScanAssembly (133ms)
				ResolveRequiredComponents (1ms)
			ReleaseScriptCaches (0ms)
			RebuildScriptCaches (36ms)
			SetupLoadedEditorAssemblies (331ms)
				LogAssemblyErrors (0ms)
				InitializePlatformSupportModulesInManaged (8ms)
				SetLoadedEditorAssemblies (9ms)
				RefreshPlugins (81ms)
				BeforeProcessingInitializeOnLoad (2ms)
				ProcessInitializeOnLoadAttributes (172ms)
				ProcessInitializeOnLoadMethodAttributes (59ms)
				AfterProcessingInitializeOnLoad (0ms)
				EditorAssembliesLoaded (0ms)
			ExecutionOrderSort2 (0ms)
			AwakeInstancesAfterBackupRestoration (0ms)
Platform modules already initialized, skipping
Registering precompiled user dll's ...
Registered in 0.003852 seconds.
Begin MonoManager ReloadAssembly
Symbol file LoadedFromMemory doesn't match image E:\52100812\Assets\My project\Library\PackageCache\com.unity.visualscripting@1.7.8\Editor\VisualScripting.Core\Dependencies\YamlDotNet\Unity.VisualScripting.YamlDotNet.dll
Symbol file LoadedFromMemory doesn't match image E:\52100812\Assets\My project\Library\PackageCache\com.unity.visualscripting@1.7.8\Editor\VisualScripting.Core\Dependencies\DotNetZip\Unity.VisualScripting.IonicZip.dll
Native extension for WindowsStandalone target not found
Refreshing native plugins compatible for Editor in 0.77 ms, found 3 plugins.
Preloading 0 native plugins for Editor in 0.00 ms.
Mono: successfully reloaded assembly
- Completed reload, in  1.284 seconds
Domain Reload Profiling:
	ReloadAssembly (1285ms)
		BeginReloadAssembly (160ms)
			ExecutionOrderSort (0ms)
			DisableScriptedObjects (6ms)
			BackupInstance (0ms)
			ReleaseScriptingObjects (0ms)
			CreateAndSetChildDomain (28ms)
		EndReloadAssembly (989ms)
			LoadAssemblies (115ms)
			RebuildTransferFunctionScriptingTraits (0ms)
			SetupTypeCache (319ms)
				TypeCache.Initialize (315ms)
					TypeCache.ScanAssembly (307ms)
				ResolveRequiredComponents (5ms)
			ReleaseScriptCaches (1ms)
			RebuildScriptCaches (68ms)
			SetupLoadedEditorAssemblies (435ms)
				LogAssemblyErrors (0ms)
				InitializePlatformSupportModulesInManaged (6ms)
				SetLoadedEditorAssemblies (8ms)
				RefreshPlugins (1ms)
				BeforeProcessingInitializeOnLoad (88ms)
				ProcessInitializeOnLoadAttributes (290ms)
				ProcessInitializeOnLoadMethodAttributes (38ms)
				AfterProcessingInitializeOnLoad (3ms)
				EditorAssembliesLoaded (0ms)
			ExecutionOrderSort2 (0ms)
			AwakeInstancesAfterBackupRestoration (8ms)
Platform modules already initialized, skipping
========================================================================
Worker process is ready to serve import requests
Launched and connected shader compiler UnityShaderCompiler.exe after 0.05 seconds
Refreshing native plugins compatible for Editor in 0.66 ms, found 3 plugins.
Preloading 0 native plugins for Editor in 0.00 ms.
Unloading 3394 Unused Serialized files (Serialized files now loaded: 0)
Unloading 26 unused Assets / (58.3 KB). Loaded Objects now: 3854.
Memory consumption went from 0.51 GB to 0.51 GB.
Total: 3.375000 ms (FindLiveObjects: 0.385200 ms CreateObjectMapping: 0.131400 ms MarkObjects: 2.741000 ms  DeleteObjects: 0.115100 ms)

AssetImportParameters requested are different than current active one (requested -> active):
  custom:video-decoder-ogg-theora: a1e56fd34408186e4bbccfd4996cb3dc -> 
  custom:container-muxer-webm: aa71ff27fc2769a1b78a27578f13a17b -> 
  custom:container-demuxer-webm: 4f35f7cbe854078d1ac9338744f61a02 -> 
  custom:video-encoder-webm-vp8: eb34c28f22e8b96e1ab97ce403110664 -> 
  custom:audio-encoder-webm-vorbis: bf7c407c2cedff20999df2af8eb42d56 -> 
  custom:framework-win-MediaFoundation: 216162199b28c13a410421893ffa2e32 -> 
  custom:container-demuxer-ogg: 62fdf1f143b41e24485cea50d1cbac27 -> 
  custom:video-decoder-webm-vp8: 9c59270c3fd7afecdb556c50c9e8de78 -> 
  custom:audio-decoder-ogg-vorbis: bf7c407c2cedff20999df2af8eb42d56 -> 
========================================================================
Received Import Request.
  Time since last request: 1712.330766 seconds.
  path: Assets/Characters/Teddy2/TeddyBear.fbx
  artifactKey: Guid(8c20c380af461574f99424a22acd34c1) Importer(815301076,1909f56bfc062723c751e8b465ee728b)
Start importing Assets/Characters/Teddy2/TeddyBear.fbx using Guid(8c20c380af461574f99424a22acd34c1) Importer(815301076,1909f56bfc062723c751e8b465ee728b)  -> (artifact id: '27722a531553ed40b3c13e7be0c60326') in 0.541483 seconds 
========================================================================
Received Import Request.
  Time since last request: 29.654480 seconds.
  path: Assets/Locomotion/Animations/DefaultAVatar@PlantNTurn90.fbx
  artifactKey: Guid(3bfc22ca4e55d4945b26a68767a7ed04) Importer(815301076,1909f56bfc062723c751e8b465ee728b)
Start importing Assets/Locomotion/Animations/DefaultAVatar@PlantNTurn90.fbx using Guid(3bfc22ca4e55d4945b26a68767a7ed04) Importer(815301076,1909f56bfc062723c751e8b465ee728b)  -> (artifact id: 'b56e1eda03384fbd4d6c404a62f15149') in 0.067678 seconds 
========================================================================
Received Import Request.
  Time since last request: 0.000065 seconds.
  path: Assets/Locomotion/Animations/DefaultAvatar@WalkForwardTurnRight_NtrlWide.fbx
  artifactKey: Guid(6bb9737c88e5309458a1e0e764137dfd) Importer(815301076,1909f56bfc062723c751e8b465ee728b)
Start importing Assets/Locomotion/Animations/DefaultAvatar@WalkForwardTurnRight_NtrlWide.fbx using Guid(6bb9737c88e5309458a1e0e764137dfd) Importer(815301076,1909f56bfc062723c751e8b465ee728b)  -> (artifact id: '7b9345ea33609e3b013944835a67b77b') in 0.026157 seconds 
========================================================================
Received Import Request.
  Time since last request: 0.000056 seconds.
  path: Assets/Locomotion/Animations/DefaultAvatar@WalkForwardTurnRight_NtrlShort.fbx
  artifactKey: Guid(bb141fc9a700c9c4ca7e6dadb8acf24b) Importer(815301076,1909f56bfc062723c751e8b465ee728b)
Start importing Assets/Locomotion/Animations/DefaultAvatar@WalkForwardTurnRight_NtrlShort.fbx using Guid(bb141fc9a700c9c4ca7e6dadb8acf24b) Importer(815301076,1909f56bfc062723c751e8b465ee728b)  -> (artifact id: '4efe4bd1d9d5abdbf60cf53767b7bf94') in 0.059282 seconds 
========================================================================
Received Import Request.
  Time since last request: 0.000401 seconds.
  path: Assets/Locomotion/Animations/DefaultAvatar@RunForwardTurnRight_NtrlWide.fbx
  artifactKey: Guid(1062212255550964e974f3ffb3cbaae3) Importer(815301076,1909f56bfc062723c751e8b465ee728b)
Start importing Assets/Locomotion/Animations/DefaultAvatar@RunForwardTurnRight_NtrlWide.fbx using Guid(1062212255550964e974f3ffb3cbaae3) Importer(815301076,1909f56bfc062723c751e8b465ee728b)  -> (artifact id: 'd18681c37dff87588c8700606e39750a') in 0.024372 seconds 
========================================================================
Received Import Request.
  Time since last request: 0.000087 seconds.
  path: Assets/Locomotion/Animations/DefaultAvatar@RunForwardTurnRight_NtrlMedium.fbx
  artifactKey: Guid(f2bed5dc5afacff44a00de8daae9703b) Importer(815301076,1909f56bfc062723c751e8b465ee728b)
Start importing Assets/Locomotion/Animations/DefaultAvatar@RunForwardTurnRight_NtrlMedium.fbx using Guid(f2bed5dc5afacff44a00de8daae9703b) Importer(815301076,1909f56bfc062723c751e8b465ee728b)  -> (artifact id: '75dba61e9913fbcb889e304fb9dc5f8a') in 0.042587 seconds 
========================================================================
Received Import Request.
  Time since last request: 0.000454 seconds.
  path: Assets/Locomotion/Animations/DefaultAvatar@TurnOnSpot.fbx
  artifactKey: Guid(4ee731d726c3dd34eb36806ea0d8fe98) Importer(815301076,1909f56bfc062723c751e8b465ee728b)
Start importing Assets/Locomotion/Animations/DefaultAvatar@TurnOnSpot.fbx using Guid(4ee731d726c3dd34eb36806ea0d8fe98) Importer(815301076,1909f56bfc062723c751e8b465ee728b)  -> (artifact id: '069c06f7d76975c20f960bffe3e38fc1') in 0.071871 seconds 
========================================================================
Received Import Request.
  Time since last request: 0.000057 seconds.
  path: Assets/Locomotion/Animations/DefaultAvatar@PlantNTurn180.fbx
  artifactKey: Guid(70c1090edfd793444a0533e45c74dfad) Importer(815301076,1909f56bfc062723c751e8b465ee728b)
Start importing Assets/Locomotion/Animations/DefaultAvatar@PlantNTurn180.fbx using Guid(70c1090edfd793444a0533e45c74dfad) Importer(815301076,1909f56bfc062723c751e8b465ee728b)  -> (artifact id: '4f69495b6961e23de09aeb084960e9d9') in 0.030244 seconds 
========================================================================
Received Import Request.
  Time since last request: 1.085238 seconds.
  path: Assets/Materials/mat_metalCorrugated_var01.mat
  artifactKey: Guid(bbb17aa068bc18244bc4321cbb1013f7) Importer(815301076,1909f56bfc062723c751e8b465ee728b)
Start importing Assets/Materials/mat_metalCorrugated_var01.mat using Guid(bbb17aa068bc18244bc4321cbb1013f7) Importer(815301076,1909f56bfc062723c751e8b465ee728b)  -> (artifact id: '6697565d9659f0c7441243e4eb7430b5') in 0.386047 seconds 
========================================================================
Received Import Request.
  Time since last request: 0.000485 seconds.
  path: Assets/Materials/mat_tileConcreteFloor_var01.mat
  artifactKey: Guid(0af50ddc33696174a80604b4b4f8cd74) Importer(815301076,1909f56bfc062723c751e8b465ee728b)
Start importing Assets/Materials/mat_tileConcreteFloor_var01.mat using Guid(0af50ddc33696174a80604b4b4f8cd74) Importer(815301076,1909f56bfc062723c751e8b465ee728b)  -> (artifact id: '1762f7743ee282d415478f25b12563c2') in 1.748361 seconds 
========================================================================
Received Import Request.
  Time since last request: 0.000491 seconds.
  path: Assets/Materials/mat_tilePlywood_var04.mat
  artifactKey: Guid(d315bbf24456eb94bb68a26e71ec43e8) Importer(815301076,1909f56bfc062723c751e8b465ee728b)
Start importing Assets/Materials/mat_tilePlywood_var04.mat using Guid(d315bbf24456eb94bb68a26e71ec43e8) Importer(815301076,1909f56bfc062723c751e8b465ee728b)  -> (artifact id: '116115ced8c2aa79b18c73a63b48746d') in 0.293563 seconds 
========================================================================
Received Import Request.
  Time since last request: 0.000052 seconds.
  path: Assets/Materials/mat_tileMetalGalvanized.mat
  artifactKey: Guid(d0dd568d7d42d9e4c9c2f6df39039067) Importer(815301076,1909f56bfc062723c751e8b465ee728b)
Start importing Assets/Materials/mat_tileMetalGalvanized.mat using Guid(d0dd568d7d42d9e4c9c2f6df39039067) Importer(815301076,1909f56bfc062723c751e8b465ee728b)  -> (artifact id: '30c88ddfc3c5b843975b56ade66c4090') in 0.097944 seconds 
========================================================================
Received Import Request.
  Time since last request: 0.000062 seconds.
  path: Assets/Materials/mat_tileConcreteFloor_var02.mat
  artifactKey: Guid(202804fc59c3ceb42a136c5794a6115c) Importer(815301076,1909f56bfc062723c751e8b465ee728b)
Start importing Assets/Materials/mat_tileConcreteFloor_var02.mat using Guid(202804fc59c3ceb42a136c5794a6115c) Importer(815301076,1909f56bfc062723c751e8b465ee728b)  -> (artifact id: '1499d4ddb0e8f2b1ba264129783ad624') in 0.179086 seconds 
========================================================================
Received Import Request.
  Time since last request: 0.000072 seconds.
  path: Assets/Materials/mat_tilePlywood_var03.mat
  artifactKey: Guid(adf94f0716822fb4289be50ad3ce7bb8) Importer(815301076,1909f56bfc062723c751e8b465ee728b)
Start importing Assets/Materials/mat_tilePlywood_var03.mat using Guid(adf94f0716822fb4289be50ad3ce7bb8) Importer(815301076,1909f56bfc062723c751e8b465ee728b)  -> (artifact id: '00b8046a1d1a4396d12947df59067053') in 0.064067 seconds 
========================================================================
Received Import Request.
  Time since last request: 0.000077 seconds.
  path: Assets/Models/propCrate.fbx
  artifactKey: Guid(3c44022133a180f4ca6c2e081b2db3f8) Importer(815301076,1909f56bfc062723c751e8b465ee728b)
Start importing Assets/Models/propCrate.fbx using Guid(3c44022133a180f4ca6c2e081b2db3f8) Importer(815301076,1909f56bfc062723c751e8b465ee728b)  -> (artifact id: '01a3f8ec9589d6653e37f2ace0d3fa12') in 0.249046 seconds 
========================================================================
Received Import Request.
  Time since last request: 0.000093 seconds.
  path: Assets/Materials/mat_propContainer_var02.mat
  artifactKey: Guid(283848aad635188419d4bb4a220c1c37) Importer(815301076,1909f56bfc062723c751e8b465ee728b)
Start importing Assets/Materials/mat_propContainer_var02.mat using Guid(283848aad635188419d4bb4a220c1c37) Importer(815301076,1909f56bfc062723c751e8b465ee728b)  -> (artifact id: 'e411bae98873a068e8cc226af3e3b640') in 0.057003 seconds 
========================================================================
Received Import Request.
  Time since last request: 0.000062 seconds.
  path: Assets/Materials/mat_tileWood_rough.mat
  artifactKey: Guid(0d09fcb9c414e474b957d557a36168fb) Importer(815301076,1909f56bfc062723c751e8b465ee728b)
Start importing Assets/Materials/mat_tileWood_rough.mat using Guid(0d09fcb9c414e474b957d557a36168fb) Importer(815301076,1909f56bfc062723c751e8b465ee728b)  -> (artifact id: '422f64c06424b5a3ea2130a478f13fa1') in 0.038250 seconds 
========================================================================
Received Import Request.
  Time since last request: 0.000060 seconds.
  path: Assets/Materials/mat_metalCorrugated_var01_VRT.mat
  artifactKey: Guid(2cdc96ee7b427a14da2ed55c16acc1a3) Importer(815301076,1909f56bfc062723c751e8b465ee728b)
Start importing Assets/Materials/mat_metalCorrugated_var01_VRT.mat using Guid(2cdc96ee7b427a14da2ed55c16acc1a3) Importer(815301076,1909f56bfc062723c751e8b465ee728b)  -> (artifact id: '5045503c862c507e60fa7b5788b1566c') in 0.030264 seconds 
========================================================================
Received Import Request.
  Time since last request: 0.000053 seconds.
  path: Assets/Materials/mat_propContainer_var03.mat
  artifactKey: Guid(27e6f20577283204f9f31afa513c9743) Importer(815301076,1909f56bfc062723c751e8b465ee728b)
Start importing Assets/Materials/mat_propContainer_var03.mat using Guid(27e6f20577283204f9f31afa513c9743) Importer(815301076,1909f56bfc062723c751e8b465ee728b)  -> (artifact id: 'c610e03ce540891a00f1ceda17fdf170') in 0.036915 seconds 
Editor requested this worker to shutdown with reason: Scaling down because of idle timeout
AssetImportWorker is now disconnected from the server
Process exiting
Exiting without the bug reporter. Application will terminate with return code 0